\BOOKMARK [1][-]{section.1}{Cel projektu}{}% 1
\BOOKMARK [1][-]{section.2}{Za\233ozenia projektowe}{}% 2
\BOOKMARK [1][-]{section.3}{Tabele}{}% 3
\BOOKMARK [2][-]{subsection.3.1}{Tabela produkt\363w}{section.3}% 4
\BOOKMARK [2][-]{subsection.3.2}{Tabela faktur}{section.3}% 5
\BOOKMARK [2][-]{subsection.3.3}{Tabela pozycji na fakturach}{section.3}% 6
\BOOKMARK [2][-]{subsection.3.4}{Tabela czesci}{section.3}% 7
\BOOKMARK [2][-]{subsection.3.5}{Tabela stanu magazynowego}{section.3}% 8
\BOOKMARK [2][-]{subsection.3.6}{Tabela specyfikacji produktu}{section.3}% 9
\BOOKMARK [1][-]{section.4}{Relacje miedzy tabelami}{}% 10
\BOOKMARK [1][-]{section.5}{Funkcjonalnosci oraz prawa dostepu poszczeg\363lnych grup uzytkownik\363w}{}% 11
\BOOKMARK [1][-]{section.6}{Poczatek prac nad aplikacja}{}% 12
\BOOKMARK [2][-]{subsection.6.1}{Tworzenie bazy danych oraz tabel}{section.6}% 13
\BOOKMARK [3][-]{subsubsection.6.1.1}{Tworzenie tabeli faktur}{subsection.6.1}% 14
\BOOKMARK [3][-]{subsubsection.6.1.2}{Tworzenie tabeli produkt\363w zam\363wionych w ramach faktur}{subsection.6.1}% 15
\BOOKMARK [3][-]{subsubsection.6.1.3}{Tworzenie tabeli produkt\363w}{subsection.6.1}% 16
\BOOKMARK [3][-]{subsubsection.6.1.4}{Tworzenie tabeli czesci}{subsection.6.1}% 17
\BOOKMARK [3][-]{subsubsection.6.1.5}{Tworzenie tabeli specyfikacji produkt\363w}{subsection.6.1}% 18
\BOOKMARK [3][-]{subsubsection.6.1.6}{Tworzenie tabeli magazynu}{subsection.6.1}% 19
\BOOKMARK [2][-]{subsection.6.2}{Tworzenie sekwencji}{section.6}% 20
\BOOKMARK [2][-]{subsection.6.3}{Dodawanie danych do tabeli}{section.6}% 21
\BOOKMARK [1][-]{section.7}{Implementacja}{}% 22
\BOOKMARK [2][-]{subsection.7.1}{System automatycznego zamawiania}{section.7}% 23
\BOOKMARK [2][-]{subsection.7.2}{Zabezpieczenie operacji na bazie danych w przypadku wielu uzytkownik\363w}{section.7}% 24
\BOOKMARK [1][-]{section.8}{Testowanie}{}% 25
\BOOKMARK [2][-]{subsection.8.1}{Testowanie procedur w bazie danych}{section.8}% 26
\BOOKMARK [2][-]{subsection.8.2}{Testowanie interfejsu uzytkownika}{section.8}% 27
\BOOKMARK [3][-]{subsubsection.8.2.1}{Strona ``Produkty'' oraz dodawanie produkt\363w do koszyka}{subsection.8.2}% 28
\BOOKMARK [3][-]{subsubsection.8.2.2}{Koszyk}{subsection.8.2}% 29
\BOOKMARK [3][-]{subsubsection.8.2.3}{Zamawianie czesci zamiennych przez administrator\363w}{subsection.8.2}% 30
\BOOKMARK [2][-]{subsection.8.3}{Testowanie funkcjonalnosci systemu automatycznego zamawiania}{section.8}% 31
\BOOKMARK [2][-]{subsection.8.4}{Testowanie dostepu wielu os\363b jednoczesnie}{section.8}% 32
\BOOKMARK [1][-]{section.9}{Prezentacja ostatecznego wygladu aplikacji}{}% 33
\BOOKMARK [2][-]{subsection.9.1}{Widok zwyk\233ego uzytkownika}{section.9}% 34
\BOOKMARK [3][-]{subsubsection.9.1.1}{Strona g\233\363wna}{subsection.9.1}% 35
\BOOKMARK [3][-]{subsubsection.9.1.2}{Produkty}{subsection.9.1}% 36
\BOOKMARK [3][-]{subsubsection.9.1.3}{Koszyk}{subsection.9.1}% 37
\BOOKMARK [3][-]{subsubsection.9.1.4}{Potwierdzenie zam\363wienia}{subsection.9.1}% 38
\BOOKMARK [2][-]{subsection.9.2}{Widok administratora}{section.9}% 39
\BOOKMARK [3][-]{subsubsection.9.2.1}{Zaloguj}{subsection.9.2}% 40
\BOOKMARK [3][-]{subsubsection.9.2.2}{Strona g\233\363wna}{subsection.9.2}% 41
\BOOKMARK [3][-]{subsubsection.9.2.3}{Produkty}{subsection.9.2}% 42
\BOOKMARK [3][-]{subsubsection.9.2.4}{Specyfikacja produktu}{subsection.9.2}% 43
\BOOKMARK [3][-]{subsubsection.9.2.5}{Przegladaj zam\363wienia}{subsection.9.2}% 44
\BOOKMARK [3][-]{subsubsection.9.2.6}{Zam\363w czesci dodatkowe}{subsection.9.2}% 45
\BOOKMARK [3][-]{subsubsection.9.2.7}{Stany magazynowy}{subsection.9.2}% 46
\BOOKMARK [3][-]{subsubsection.9.2.8}{Wyloguj}{subsection.9.2}% 47
\BOOKMARK [1][-]{section.10}{Efekty koncowe}{}% 48
